c:\users\11327\desktop\svn repository\sunlit\external_libraries\directxtex\bin\desktop_2015\win32\profile\directxtex.pch
c:\users\11327\desktop\svn repository\sunlit\external_libraries\directxtex\bin\desktop_2015\win32\profile\directxtex.pdb
c:\users\11327\desktop\svn repository\sunlit\external_libraries\directxtex\bin\desktop_2015\win32\profile\directxtexutil.obj
c:\users\11327\desktop\svn repository\sunlit\external_libraries\directxtex\bin\desktop_2015\win32\profile\directxtexwic.obj
c:\users\11327\desktop\svn repository\sunlit\external_libraries\directxtex\bin\desktop_2015\win32\profile\directxtextga.obj
c:\users\11327\desktop\svn repository\sunlit\external_libraries\directxtex\bin\desktop_2015\win32\profile\directxtexresize.obj
c:\users\11327\desktop\svn repository\sunlit\external_libraries\directxtex\bin\desktop_2015\win32\profile\directxtexpmalpha.obj
c:\users\11327\desktop\svn repository\sunlit\external_libraries\directxtex\bin\desktop_2015\win32\profile\directxtexnormalmaps.obj
c:\users\11327\desktop\svn repository\sunlit\external_libraries\directxtex\bin\desktop_2015\win32\profile\directxtexmisc.obj
c:\users\11327\desktop\svn repository\sunlit\external_libraries\directxtex\bin\desktop_2015\win32\profile\directxtexmipmaps.obj
c:\users\11327\desktop\svn repository\sunlit\external_libraries\directxtex\bin\desktop_2015\win32\profile\directxteximage.obj
c:\users\11327\desktop\svn repository\sunlit\external_libraries\directxtex\bin\desktop_2015\win32\profile\directxtexhdr.obj
c:\users\11327\desktop\svn repository\sunlit\external_libraries\directxtex\bin\desktop_2015\win32\profile\directxtexfliprotate.obj
c:\users\11327\desktop\svn repository\sunlit\external_libraries\directxtex\bin\desktop_2015\win32\profile\directxtexdds.obj
c:\users\11327\desktop\svn repository\sunlit\external_libraries\directxtex\bin\desktop_2015\win32\profile\directxtexd3d11.obj
c:\users\11327\desktop\svn repository\sunlit\external_libraries\directxtex\bin\desktop_2015\win32\profile\directxtexconvert.obj
c:\users\11327\desktop\svn repository\sunlit\external_libraries\directxtex\bin\desktop_2015\win32\profile\directxtexcompressgpu.obj
c:\users\11327\desktop\svn repository\sunlit\external_libraries\directxtex\bin\desktop_2015\win32\profile\directxtexcompress.obj
c:\users\11327\desktop\svn repository\sunlit\external_libraries\directxtex\bin\desktop_2015\win32\profile\bcdirectcompute.obj
c:\users\11327\desktop\svn repository\sunlit\external_libraries\directxtex\bin\desktop_2015\win32\profile\bc6hbc7.obj
c:\users\11327\desktop\svn repository\sunlit\external_libraries\directxtex\bin\desktop_2015\win32\profile\bc4bc5.obj
c:\users\11327\desktop\svn repository\sunlit\external_libraries\directxtex\bin\desktop_2015\win32\profile\bc.obj
c:\users\11327\desktop\svn repository\sunlit\external_libraries\directxtex\bin\desktop_2015\win32\profile\directxtex.lib
c:\users\11327\desktop\svn repository\sunlit\external_libraries\directxtex\bin\desktop_2015\win32\profile\directxtex.tlog\cl.command.1.tlog
c:\users\11327\desktop\svn repository\sunlit\external_libraries\directxtex\bin\desktop_2015\win32\profile\directxtex.tlog\cl.read.1.tlog
c:\users\11327\desktop\svn repository\sunlit\external_libraries\directxtex\bin\desktop_2015\win32\profile\directxtex.tlog\cl.write.1.tlog
c:\users\11327\desktop\svn repository\sunlit\external_libraries\directxtex\bin\desktop_2015\win32\profile\directxtex.tlog\lib-link.read.1.tlog
c:\users\11327\desktop\svn repository\sunlit\external_libraries\directxtex\bin\desktop_2015\win32\profile\directxtex.tlog\lib-link.write.1.tlog
c:\users\11327\desktop\svn repository\sunlit\external_libraries\directxtex\bin\desktop_2015\win32\profile\directxtex.tlog\lib.command.1.tlog
